2024-12-20 00:50:39 - Starting SpendWiseApplication using Java 17.0.11 with PID 15976 (C:\Users\ASUS\IdeaProjects\spendwise\target\classes started by ASUS in C:\Users\ASUS\IdeaProjects\spendwise)
2024-12-20 00:50:39 - Running with Spring Boot v3.3.0, Spring v6.1.8
2024-12-20 00:50:39 - No active profile set, falling back to 1 default profile: "default"
2024-12-20 00:50:39 - Devtools property defaults active! Set 'spring.devtools.add-properties' to 'false' to disable
2024-12-20 00:50:39 - For additional web related logging consider setting the 'logging.level.web' property to 'DEBUG'
2024-12-20 00:50:40 - Bootstrapping Spring Data JPA repositories in DEFAULT mode.
2024-12-20 00:50:40 - Finished Spring Data repository scanning in 55 ms. Found 8 JPA repository interfaces.
2024-12-20 00:50:40 - Tomcat initialized with port 8080 (http)
2024-12-20 00:50:40 - Initializing ProtocolHandler ["http-nio-8080"]
2024-12-20 00:50:40 - Starting service [Tomcat]
2024-12-20 00:50:40 - Starting Servlet engine: [Apache Tomcat/10.1.24]
2024-12-20 00:50:40 - Initializing Spring embedded WebApplicationContext
2024-12-20 00:50:40 - Root WebApplicationContext: initialization completed in 1397 ms
2024-12-20 00:50:41 - HHH000204: Processing PersistenceUnitInfo [name: default]
2024-12-20 00:50:41 - HHH000412: Hibernate ORM core version 6.5.2.Final
2024-12-20 00:50:41 - HHH000026: Second-level cache disabled
2024-12-20 00:50:41 - No LoadTimeWeaver setup: ignoring JPA class transformer
2024-12-20 00:50:41 - HikariPool-1 - Starting...
2024-12-20 00:50:45 - HikariPool-1 - Added connection org.postgresql.jdbc.PgConnection@2483a2f2
2024-12-20 00:50:45 - HikariPool-1 - Start completed.
2024-12-20 00:50:45 - HHH90000025: PostgreSQLDialect does not need to be specified explicitly using 'hibernate.dialect' (remove the property setting and it will be selected by default)
2024-12-20 00:50:47 - HHH000489: No JTA platform available (set 'hibernate.transaction.jta.platform' to enable JTA platform integration)
2024-12-20 00:50:54 - Initialized JPA EntityManagerFactory for persistence unit 'default'
2024-12-20 00:50:54 - Hibernate is in classpath; If applicable, HQL parser will be used.
2024-12-20 00:50:55 - spring.jpa.open-in-view is enabled by default. Therefore, database queries may be performed during view rendering. Explicitly configure spring.jpa.open-in-view to disable this warning
2024-12-20 00:50:55 - Will secure any request with [org.springframework.security.web.session.DisableEncodeUrlFilter@20a65ca2, org.springframework.security.web.context.request.async.WebAsyncManagerIntegrationFilter@7431a359, org.springframework.security.web.context.SecurityContextHolderFilter@367b8610, org.springframework.security.web.header.HeaderWriterFilter@384d71ce, org.springframework.web.filter.CorsFilter@44713d57, org.springframework.security.web.csrf.CsrfFilter@7a610d9f, org.springframework.security.web.authentication.logout.LogoutFilter@124a00b6, org.springframework.security.oauth2.server.resource.web.authentication.BearerTokenAuthenticationFilter@2d73a068, org.springframework.security.web.savedrequest.RequestCacheAwareFilter@11f6b3f9, org.springframework.security.web.servletapi.SecurityContextHolderAwareRequestFilter@3761abd7, org.springframework.security.web.authentication.AnonymousAuthenticationFilter@41c271fb, org.springframework.security.web.access.ExceptionTranslationFilter@4a2e6232, org.springframework.security.web.access.intercept.AuthorizationFilter@3e3929eb]
2024-12-20 00:50:56 - LiveReload server is running on port 35729
2024-12-20 00:50:56 - Starting ProtocolHandler ["http-nio-8080"]
2024-12-20 00:50:56 - Tomcat started on port 8080 (http) with context path '/'
2024-12-20 00:50:56 - Started SpendWiseApplication in 19.269 seconds (process running for 21.139)
2024-12-20 00:52:41 - Initializing Spring DispatcherServlet 'dispatcherServlet'
2024-12-20 00:52:41 - Initializing Servlet 'dispatcherServlet'
2024-12-20 00:52:41 - Completed initialization in 3 ms
2024-12-20 00:53:52 - Restarting due to 1 class path change (0 additions, 0 deletions, 1 modification)
2024-12-20 00:53:52 - Stopping ProtocolHandler ["http-nio-8080"]
2024-12-20 00:53:52 - Closing JPA EntityManagerFactory for persistence unit 'default'
2024-12-20 00:53:52 - HikariPool-1 - Shutdown initiated...
2024-12-20 00:53:55 - HikariPool-1 - Shutdown completed.
2024-12-20 00:53:56 - Starting SpendWiseApplication using Java 17.0.11 with PID 15976 (C:\Users\ASUS\IdeaProjects\spendwise\target\classes started by ASUS in C:\Users\ASUS\IdeaProjects\spendwise)
2024-12-20 00:53:56 - Running with Spring Boot v3.3.0, Spring v6.1.8
2024-12-20 00:53:56 - No active profile set, falling back to 1 default profile: "default"
2024-12-20 00:53:56 - Bootstrapping Spring Data JPA repositories in DEFAULT mode.
2024-12-20 00:53:56 - Finished Spring Data repository scanning in 39 ms. Found 8 JPA repository interfaces.
2024-12-20 00:53:56 - Tomcat initialized with port 8080 (http)
2024-12-20 00:53:56 - Initializing ProtocolHandler ["http-nio-8080"]
2024-12-20 00:53:56 - Starting service [Tomcat]
2024-12-20 00:53:56 - Starting Servlet engine: [Apache Tomcat/10.1.24]
2024-12-20 00:53:56 - Initializing Spring embedded WebApplicationContext
2024-12-20 00:53:56 - Root WebApplicationContext: initialization completed in 621 ms
2024-12-20 00:53:56 - HHH000204: Processing PersistenceUnitInfo [name: default]
2024-12-20 00:53:56 - HHH000026: Second-level cache disabled
2024-12-20 00:53:56 - No LoadTimeWeaver setup: ignoring JPA class transformer
2024-12-20 00:53:56 - HikariPool-2 - Starting...
2024-12-20 00:53:58 - HHH000342: Could not obtain connection to query metadata
java.lang.NullPointerException: Cannot invoke "org.hibernate.engine.jdbc.spi.SqlExceptionHelper.convert(java.sql.SQLException, String)" because the return value of "org.hibernate.resource.transaction.backend.jdbc.internal.JdbcIsolationDelegate.sqlExceptionHelper()" is null
	at org.hibernate.resource.transaction.backend.jdbc.internal.JdbcIsolationDelegate.delegateWork(JdbcIsolationDelegate.java:116)
	at org.hibernate.engine.jdbc.env.internal.JdbcEnvironmentInitiator.getJdbcEnvironmentUsingJdbcMetadata(JdbcEnvironmentInitiator.java:290)
	at org.hibernate.engine.jdbc.env.internal.JdbcEnvironmentInitiator.initiateService(JdbcEnvironmentInitiator.java:123)
	at org.hibernate.engine.jdbc.env.internal.JdbcEnvironmentInitiator.initiateService(JdbcEnvironmentInitiator.java:77)
	at org.hibernate.boot.registry.internal.StandardServiceRegistryImpl.initiateService(StandardServiceRegistryImpl.java:130)
	at org.hibernate.service.internal.AbstractServiceRegistryImpl.createService(AbstractServiceRegistryImpl.java:263)
	at org.hibernate.service.internal.AbstractServiceRegistryImpl.initializeService(AbstractServiceRegistryImpl.java:238)
	at org.hibernate.service.internal.AbstractServiceRegistryImpl.getService(AbstractServiceRegistryImpl.java:215)
	at org.hibernate.boot.model.relational.Database.<init>(Database.java:45)
	at org.hibernate.boot.internal.InFlightMetadataCollectorImpl.getDatabase(InFlightMetadataCollectorImpl.java:221)
	at org.hibernate.boot.internal.InFlightMetadataCollectorImpl.<init>(InFlightMetadataCollectorImpl.java:189)
	at org.hibernate.boot.model.process.spi.MetadataBuildingProcess.complete(MetadataBuildingProcess.java:171)
	at org.hibernate.jpa.boot.internal.EntityManagerFactoryBuilderImpl.metadata(EntityManagerFactoryBuilderImpl.java:1431)
	at org.hibernate.jpa.boot.internal.EntityManagerFactoryBuilderImpl.build(EntityManagerFactoryBuilderImpl.java:1502)
	at org.springframework.orm.jpa.vendor.SpringHibernateJpaPersistenceProvider.createContainerEntityManagerFactory(SpringHibernateJpaPersistenceProvider.java:75)
	at org.springframework.orm.jpa.LocalContainerEntityManagerFactoryBean.createNativeEntityManagerFactory(LocalContainerEntityManagerFactoryBean.java:390)
	at org.springframework.orm.jpa.AbstractEntityManagerFactoryBean.buildNativeEntityManagerFactory(AbstractEntityManagerFactoryBean.java:409)
	at org.springframework.orm.jpa.AbstractEntityManagerFactoryBean.afterPropertiesSet(AbstractEntityManagerFactoryBean.java:396)
	at org.springframework.orm.jpa.LocalContainerEntityManagerFactoryBean.afterPropertiesSet(LocalContainerEntityManagerFactoryBean.java:366)
	at org.springframework.beans.factory.support.AbstractAutowireCapableBeanFactory.invokeInitMethods(AbstractAutowireCapableBeanFactory.java:1835)
	at org.springframework.beans.factory.support.AbstractAutowireCapableBeanFactory.initializeBean(AbstractAutowireCapableBeanFactory.java:1784)
	at org.springframework.beans.factory.support.AbstractAutowireCapableBeanFactory.doCreateBean(AbstractAutowireCapableBeanFactory.java:600)
	at org.springframework.beans.factory.support.AbstractAutowireCapableBeanFactory.createBean(AbstractAutowireCapableBeanFactory.java:522)
	at org.springframework.beans.factory.support.AbstractBeanFactory.lambda$doGetBean$0(AbstractBeanFactory.java:337)
	at org.springframework.beans.factory.support.DefaultSingletonBeanRegistry.getSingleton(DefaultSingletonBeanRegistry.java:234)
	at org.springframework.beans.factory.support.AbstractBeanFactory.doGetBean(AbstractBeanFactory.java:335)
	at org.springframework.beans.factory.support.AbstractBeanFactory.getBean(AbstractBeanFactory.java:205)
	at org.springframework.context.support.AbstractApplicationContext.finishBeanFactoryInitialization(AbstractApplicationContext.java:952)
	at org.springframework.context.support.AbstractApplicationContext.refresh(AbstractApplicationContext.java:624)
	at org.springframework.boot.web.servlet.context.ServletWebServerApplicationContext.refresh(ServletWebServerApplicationContext.java:146)
	at org.springframework.boot.SpringApplication.refresh(SpringApplication.java:754)
	at org.springframework.boot.SpringApplication.refreshContext(SpringApplication.java:456)
	at org.springframework.boot.SpringApplication.run(SpringApplication.java:335)
	at org.springframework.boot.SpringApplication.run(SpringApplication.java:1363)
	at org.springframework.boot.SpringApplication.run(SpringApplication.java:1352)
	at com.app.spendWise.SpendWiseApplication.main(SpendWiseApplication.java:14)
	at java.base/jdk.internal.reflect.NativeMethodAccessorImpl.invoke0(Native Method)
	at java.base/jdk.internal.reflect.NativeMethodAccessorImpl.invoke(NativeMethodAccessorImpl.java:77)
	at java.base/jdk.internal.reflect.DelegatingMethodAccessorImpl.invoke(DelegatingMethodAccessorImpl.java:43)
	at java.base/java.lang.reflect.Method.invoke(Method.java:568)
	at org.springframework.boot.devtools.restart.RestartLauncher.run(RestartLauncher.java:50)
2024-12-20 00:53:58 - HHH90000025: PostgreSQLDialect does not need to be specified explicitly using 'hibernate.dialect' (remove the property setting and it will be selected by default)
2024-12-20 00:53:58 - HHH000489: No JTA platform available (set 'hibernate.transaction.jta.platform' to enable JTA platform integration)
2024-12-20 00:53:58 - HikariPool-2 - Starting...
2024-12-20 00:53:59 - SQL Error: 0, SQLState: 3D000
2024-12-20 00:53:59 - FATAL: database "spendwise" does not exist
2024-12-20 00:53:59 - Failed to initialize JPA EntityManagerFactory: [PersistenceUnit: default] Unable to build Hibernate SessionFactory; nested exception is org.hibernate.exception.GenericJDBCException: Unable to open JDBC Connection for DDL execution [FATAL: database "spendwise" does not exist] [n/a]
2024-12-20 00:53:59 - Exception encountered during context initialization - cancelling refresh attempt: org.springframework.beans.factory.BeanCreationException: Error creating bean with name 'entityManagerFactory' defined in class path resource [org/springframework/boot/autoconfigure/orm/jpa/HibernateJpaConfiguration.class]: [PersistenceUnit: default] Unable to build Hibernate SessionFactory; nested exception is org.hibernate.exception.GenericJDBCException: Unable to open JDBC Connection for DDL execution [FATAL: database "spendwise" does not exist] [n/a]
2024-12-20 00:53:59 - Stopping service [Tomcat]
2024-12-20 00:53:59 - 

Error starting ApplicationContext. To display the condition evaluation report re-run your application with 'debug' enabled.
2024-12-20 00:53:59 - Application run failed
org.springframework.beans.factory.BeanCreationException: Error creating bean with name 'entityManagerFactory' defined in class path resource [org/springframework/boot/autoconfigure/orm/jpa/HibernateJpaConfiguration.class]: [PersistenceUnit: default] Unable to build Hibernate SessionFactory; nested exception is org.hibernate.exception.GenericJDBCException: Unable to open JDBC Connection for DDL execution [FATAL: database "spendwise" does not exist] [n/a]
	at org.springframework.beans.factory.support.AbstractAutowireCapableBeanFactory.initializeBean(AbstractAutowireCapableBeanFactory.java:1788)
	at org.springframework.beans.factory.support.AbstractAutowireCapableBeanFactory.doCreateBean(AbstractAutowireCapableBeanFactory.java:600)
	at org.springframework.beans.factory.support.AbstractAutowireCapableBeanFactory.createBean(AbstractAutowireCapableBeanFactory.java:522)
	at org.springframework.beans.factory.support.AbstractBeanFactory.lambda$doGetBean$0(AbstractBeanFactory.java:337)
	at org.springframework.beans.factory.support.DefaultSingletonBeanRegistry.getSingleton(DefaultSingletonBeanRegistry.java:234)
	at org.springframework.beans.factory.support.AbstractBeanFactory.doGetBean(AbstractBeanFactory.java:335)
	at org.springframework.beans.factory.support.AbstractBeanFactory.getBean(AbstractBeanFactory.java:205)
	at org.springframework.context.support.AbstractApplicationContext.finishBeanFactoryInitialization(AbstractApplicationContext.java:952)
	at org.springframework.context.support.AbstractApplicationContext.refresh(AbstractApplicationContext.java:624)
	at org.springframework.boot.web.servlet.context.ServletWebServerApplicationContext.refresh(ServletWebServerApplicationContext.java:146)
	at org.springframework.boot.SpringApplication.refresh(SpringApplication.java:754)
	at org.springframework.boot.SpringApplication.refreshContext(SpringApplication.java:456)
	at org.springframework.boot.SpringApplication.run(SpringApplication.java:335)
	at org.springframework.boot.SpringApplication.run(SpringApplication.java:1363)
	at org.springframework.boot.SpringApplication.run(SpringApplication.java:1352)
	at com.app.spendWise.SpendWiseApplication.main(SpendWiseApplication.java:14)
	at java.base/jdk.internal.reflect.NativeMethodAccessorImpl.invoke0(Native Method)
	at java.base/jdk.internal.reflect.NativeMethodAccessorImpl.invoke(NativeMethodAccessorImpl.java:77)
	at java.base/jdk.internal.reflect.DelegatingMethodAccessorImpl.invoke(DelegatingMethodAccessorImpl.java:43)
	at java.base/java.lang.reflect.Method.invoke(Method.java:568)
	at org.springframework.boot.devtools.restart.RestartLauncher.run(RestartLauncher.java:50)
Caused by: jakarta.persistence.PersistenceException: [PersistenceUnit: default] Unable to build Hibernate SessionFactory; nested exception is org.hibernate.exception.GenericJDBCException: Unable to open JDBC Connection for DDL execution [FATAL: database "spendwise" does not exist] [n/a]
	at org.springframework.orm.jpa.AbstractEntityManagerFactoryBean.buildNativeEntityManagerFactory(AbstractEntityManagerFactoryBean.java:421)
	at org.springframework.orm.jpa.AbstractEntityManagerFactoryBean.afterPropertiesSet(AbstractEntityManagerFactoryBean.java:396)
	at org.springframework.orm.jpa.LocalContainerEntityManagerFactoryBean.afterPropertiesSet(LocalContainerEntityManagerFactoryBean.java:366)
	at org.springframework.beans.factory.support.AbstractAutowireCapableBeanFactory.invokeInitMethods(AbstractAutowireCapableBeanFactory.java:1835)
	at org.springframework.beans.factory.support.AbstractAutowireCapableBeanFactory.initializeBean(AbstractAutowireCapableBeanFactory.java:1784)
	... 20 common frames omitted
Caused by: org.hibernate.exception.GenericJDBCException: Unable to open JDBC Connection for DDL execution [FATAL: database "spendwise" does not exist] [n/a]
	at org.hibernate.exception.internal.StandardSQLExceptionConverter.convert(StandardSQLExceptionConverter.java:63)
	at org.hibernate.engine.jdbc.spi.SqlExceptionHelper.convert(SqlExceptionHelper.java:108)
	at org.hibernate.engine.jdbc.spi.SqlExceptionHelper.convert(SqlExceptionHelper.java:94)
	at org.hibernate.resource.transaction.backend.jdbc.internal.DdlTransactionIsolatorNonJtaImpl.getIsolatedConnection(DdlTransactionIsolatorNonJtaImpl.java:74)
	at org.hibernate.resource.transaction.backend.jdbc.internal.DdlTransactionIsolatorNonJtaImpl.getIsolatedConnection(DdlTransactionIsolatorNonJtaImpl.java:39)
	at org.hibernate.tool.schema.internal.exec.ImprovedExtractionContextImpl.getJdbcConnection(ImprovedExtractionContextImpl.java:63)
	at org.hibernate.tool.schema.extract.spi.ExtractionContext.getQueryResults(ExtractionContext.java:43)
	at org.hibernate.tool.schema.extract.internal.SequenceInformationExtractorLegacyImpl.extractMetadata(SequenceInformationExtractorLegacyImpl.java:39)
	at org.hibernate.tool.schema.extract.internal.DatabaseInformationImpl.initializeSequences(DatabaseInformationImpl.java:66)
	at org.hibernate.tool.schema.extract.internal.DatabaseInformationImpl.<init>(DatabaseInformationImpl.java:60)
	at org.hibernate.tool.schema.internal.Helper.buildDatabaseInformation(Helper.java:185)
	at org.hibernate.tool.schema.internal.AbstractSchemaMigrator.doMigration(AbstractSchemaMigrator.java:98)
	at org.hibernate.tool.schema.spi.SchemaManagementToolCoordinator.performDatabaseAction(SchemaManagementToolCoordinator.java:280)
	at org.hibernate.tool.schema.spi.SchemaManagementToolCoordinator.lambda$process$5(SchemaManagementToolCoordinator.java:144)
	at java.base/java.util.HashMap.forEach(HashMap.java:1421)
	at org.hibernate.tool.schema.spi.SchemaManagementToolCoordinator.process(SchemaManagementToolCoordinator.java:141)
	at org.hibernate.boot.internal.SessionFactoryObserverForSchemaExport.sessionFactoryCreated(SessionFactoryObserverForSchemaExport.java:37)
	at org.hibernate.internal.SessionFactoryObserverChain.sessionFactoryCreated(SessionFactoryObserverChain.java:35)
	at org.hibernate.internal.SessionFactoryImpl.<init>(SessionFactoryImpl.java:322)
	at org.hibernate.boot.internal.SessionFactoryBuilderImpl.build(SessionFactoryBuilderImpl.java:457)
	at org.hibernate.jpa.boot.internal.EntityManagerFactoryBuilderImpl.build(EntityManagerFactoryBuilderImpl.java:1506)
	at org.springframework.orm.jpa.vendor.SpringHibernateJpaPersistenceProvider.createContainerEntityManagerFactory(SpringHibernateJpaPersistenceProvider.java:75)
	at org.springframework.orm.jpa.LocalContainerEntityManagerFactoryBean.createNativeEntityManagerFactory(LocalContainerEntityManagerFactoryBean.java:390)
	at org.springframework.orm.jpa.AbstractEntityManagerFactoryBean.buildNativeEntityManagerFactory(AbstractEntityManagerFactoryBean.java:409)
	... 24 common frames omitted
Caused by: org.postgresql.util.PSQLException: FATAL: database "spendwise" does not exist
	at org.postgresql.core.v3.QueryExecutorImpl.receiveErrorResponse(QueryExecutorImpl.java:2725)
	at org.postgresql.core.v3.QueryExecutorImpl.readStartupMessages(QueryExecutorImpl.java:2837)
	at org.postgresql.core.v3.QueryExecutorImpl.<init>(QueryExecutorImpl.java:175)
	at org.postgresql.core.v3.ConnectionFactoryImpl.openConnectionImpl(ConnectionFactoryImpl.java:317)
	at org.postgresql.core.ConnectionFactory.openConnection(ConnectionFactory.java:54)
	at org.postgresql.jdbc.PgConnection.<init>(PgConnection.java:273)
	at org.postgresql.Driver.makeConnection(Driver.java:446)
	at org.postgresql.Driver.connect(Driver.java:298)
	at com.zaxxer.hikari.util.DriverDataSource.getConnection(DriverDataSource.java:137)
	at com.zaxxer.hikari.pool.PoolBase.newConnection(PoolBase.java:360)
	at com.zaxxer.hikari.pool.PoolBase.newPoolEntry(PoolBase.java:202)
	at com.zaxxer.hikari.pool.HikariPool.createPoolEntry(HikariPool.java:461)
	at com.zaxxer.hikari.pool.HikariPool.checkFailFast(HikariPool.java:550)
	at com.zaxxer.hikari.pool.HikariPool.<init>(HikariPool.java:98)
	at com.zaxxer.hikari.HikariDataSource.getConnection(HikariDataSource.java:111)
	at org.hibernate.engine.jdbc.connections.internal.DatasourceConnectionProviderImpl.getConnection(DatasourceConnectionProviderImpl.java:122)
	at org.hibernate.engine.jdbc.env.internal.JdbcEnvironmentInitiator$ConnectionProviderJdbcConnectionAccess.obtainConnection(JdbcEnvironmentInitiator.java:437)
	at org.hibernate.resource.transaction.backend.jdbc.internal.DdlTransactionIsolatorNonJtaImpl.getIsolatedConnection(DdlTransactionIsolatorNonJtaImpl.java:46)
	... 44 common frames omitted
2024-12-20 00:54:12 - Starting SpendWiseApplication using Java 17.0.11 with PID 9868 (C:\Users\ASUS\IdeaProjects\spendwise\target\classes started by ASUS in C:\Users\ASUS\IdeaProjects\spendwise)
2024-12-20 00:54:12 - Running with Spring Boot v3.3.0, Spring v6.1.8
2024-12-20 00:54:12 - No active profile set, falling back to 1 default profile: "default"
2024-12-20 00:54:12 - Devtools property defaults active! Set 'spring.devtools.add-properties' to 'false' to disable
2024-12-20 00:54:12 - For additional web related logging consider setting the 'logging.level.web' property to 'DEBUG'
2024-12-20 00:54:13 - Bootstrapping Spring Data JPA repositories in DEFAULT mode.
2024-12-20 00:54:13 - Finished Spring Data repository scanning in 51 ms. Found 8 JPA repository interfaces.
2024-12-20 00:54:13 - Tomcat initialized with port 8080 (http)
2024-12-20 00:54:13 - Initializing ProtocolHandler ["http-nio-8080"]
2024-12-20 00:54:13 - Starting service [Tomcat]
2024-12-20 00:54:13 - Starting Servlet engine: [Apache Tomcat/10.1.24]
2024-12-20 00:54:13 - Initializing Spring embedded WebApplicationContext
2024-12-20 00:54:13 - Root WebApplicationContext: initialization completed in 1214 ms
2024-12-20 00:54:13 - HHH000204: Processing PersistenceUnitInfo [name: default]
2024-12-20 00:54:14 - HHH000412: Hibernate ORM core version 6.5.2.Final
2024-12-20 00:54:14 - HHH000026: Second-level cache disabled
2024-12-20 00:54:14 - No LoadTimeWeaver setup: ignoring JPA class transformer
2024-12-20 00:54:14 - HikariPool-1 - Starting...
2024-12-20 00:54:15 - HHH000342: Could not obtain connection to query metadata
java.lang.NullPointerException: Cannot invoke "org.hibernate.engine.jdbc.spi.SqlExceptionHelper.convert(java.sql.SQLException, String)" because the return value of "org.hibernate.resource.transaction.backend.jdbc.internal.JdbcIsolationDelegate.sqlExceptionHelper()" is null
	at org.hibernate.resource.transaction.backend.jdbc.internal.JdbcIsolationDelegate.delegateWork(JdbcIsolationDelegate.java:116)
	at org.hibernate.engine.jdbc.env.internal.JdbcEnvironmentInitiator.getJdbcEnvironmentUsingJdbcMetadata(JdbcEnvironmentInitiator.java:290)
	at org.hibernate.engine.jdbc.env.internal.JdbcEnvironmentInitiator.initiateService(JdbcEnvironmentInitiator.java:123)
	at org.hibernate.engine.jdbc.env.internal.JdbcEnvironmentInitiator.initiateService(JdbcEnvironmentInitiator.java:77)
	at org.hibernate.boot.registry.internal.StandardServiceRegistryImpl.initiateService(StandardServiceRegistryImpl.java:130)
	at org.hibernate.service.internal.AbstractServiceRegistryImpl.createService(AbstractServiceRegistryImpl.java:263)
	at org.hibernate.service.internal.AbstractServiceRegistryImpl.initializeService(AbstractServiceRegistryImpl.java:238)
	at org.hibernate.service.internal.AbstractServiceRegistryImpl.getService(AbstractServiceRegistryImpl.java:215)
	at org.hibernate.boot.model.relational.Database.<init>(Database.java:45)
	at org.hibernate.boot.internal.InFlightMetadataCollectorImpl.getDatabase(InFlightMetadataCollectorImpl.java:221)
	at org.hibernate.boot.internal.InFlightMetadataCollectorImpl.<init>(InFlightMetadataCollectorImpl.java:189)
	at org.hibernate.boot.model.process.spi.MetadataBuildingProcess.complete(MetadataBuildingProcess.java:171)
	at org.hibernate.jpa.boot.internal.EntityManagerFactoryBuilderImpl.metadata(EntityManagerFactoryBuilderImpl.java:1431)
	at org.hibernate.jpa.boot.internal.EntityManagerFactoryBuilderImpl.build(EntityManagerFactoryBuilderImpl.java:1502)
	at org.springframework.orm.jpa.vendor.SpringHibernateJpaPersistenceProvider.createContainerEntityManagerFactory(SpringHibernateJpaPersistenceProvider.java:75)
	at org.springframework.orm.jpa.LocalContainerEntityManagerFactoryBean.createNativeEntityManagerFactory(LocalContainerEntityManagerFactoryBean.java:390)
	at org.springframework.orm.jpa.AbstractEntityManagerFactoryBean.buildNativeEntityManagerFactory(AbstractEntityManagerFactoryBean.java:409)
	at org.springframework.orm.jpa.AbstractEntityManagerFactoryBean.afterPropertiesSet(AbstractEntityManagerFactoryBean.java:396)
	at org.springframework.orm.jpa.LocalContainerEntityManagerFactoryBean.afterPropertiesSet(LocalContainerEntityManagerFactoryBean.java:366)
	at org.springframework.beans.factory.support.AbstractAutowireCapableBeanFactory.invokeInitMethods(AbstractAutowireCapableBeanFactory.java:1835)
	at org.springframework.beans.factory.support.AbstractAutowireCapableBeanFactory.initializeBean(AbstractAutowireCapableBeanFactory.java:1784)
	at org.springframework.beans.factory.support.AbstractAutowireCapableBeanFactory.doCreateBean(AbstractAutowireCapableBeanFactory.java:600)
	at org.springframework.beans.factory.support.AbstractAutowireCapableBeanFactory.createBean(AbstractAutowireCapableBeanFactory.java:522)
	at org.springframework.beans.factory.support.AbstractBeanFactory.lambda$doGetBean$0(AbstractBeanFactory.java:337)
	at org.springframework.beans.factory.support.DefaultSingletonBeanRegistry.getSingleton(DefaultSingletonBeanRegistry.java:234)
	at org.springframework.beans.factory.support.AbstractBeanFactory.doGetBean(AbstractBeanFactory.java:335)
	at org.springframework.beans.factory.support.AbstractBeanFactory.getBean(AbstractBeanFactory.java:205)
	at org.springframework.context.support.AbstractApplicationContext.finishBeanFactoryInitialization(AbstractApplicationContext.java:952)
	at org.springframework.context.support.AbstractApplicationContext.refresh(AbstractApplicationContext.java:624)
	at org.springframework.boot.web.servlet.context.ServletWebServerApplicationContext.refresh(ServletWebServerApplicationContext.java:146)
	at org.springframework.boot.SpringApplication.refresh(SpringApplication.java:754)
	at org.springframework.boot.SpringApplication.refreshContext(SpringApplication.java:456)
	at org.springframework.boot.SpringApplication.run(SpringApplication.java:335)
	at org.springframework.boot.SpringApplication.run(SpringApplication.java:1363)
	at org.springframework.boot.SpringApplication.run(SpringApplication.java:1352)
	at com.app.spendWise.SpendWiseApplication.main(SpendWiseApplication.java:14)
	at java.base/jdk.internal.reflect.NativeMethodAccessorImpl.invoke0(Native Method)
	at java.base/jdk.internal.reflect.NativeMethodAccessorImpl.invoke(NativeMethodAccessorImpl.java:77)
	at java.base/jdk.internal.reflect.DelegatingMethodAccessorImpl.invoke(DelegatingMethodAccessorImpl.java:43)
	at java.base/java.lang.reflect.Method.invoke(Method.java:568)
	at org.springframework.boot.devtools.restart.RestartLauncher.run(RestartLauncher.java:50)
2024-12-20 00:54:15 - HHH90000025: PostgreSQLDialect does not need to be specified explicitly using 'hibernate.dialect' (remove the property setting and it will be selected by default)
2024-12-20 00:54:16 - HHH000489: No JTA platform available (set 'hibernate.transaction.jta.platform' to enable JTA platform integration)
2024-12-20 00:54:16 - HikariPool-1 - Starting...
2024-12-20 00:54:17 - SQL Error: 0, SQLState: 3D000
2024-12-20 00:54:17 - FATAL: database "spendwise" does not exist
2024-12-20 00:54:17 - Failed to initialize JPA EntityManagerFactory: [PersistenceUnit: default] Unable to build Hibernate SessionFactory; nested exception is org.hibernate.exception.GenericJDBCException: Unable to open JDBC Connection for DDL execution [FATAL: database "spendwise" does not exist] [n/a]
2024-12-20 00:54:17 - Exception encountered during context initialization - cancelling refresh attempt: org.springframework.beans.factory.BeanCreationException: Error creating bean with name 'entityManagerFactory' defined in class path resource [org/springframework/boot/autoconfigure/orm/jpa/HibernateJpaConfiguration.class]: [PersistenceUnit: default] Unable to build Hibernate SessionFactory; nested exception is org.hibernate.exception.GenericJDBCException: Unable to open JDBC Connection for DDL execution [FATAL: database "spendwise" does not exist] [n/a]
2024-12-20 00:54:17 - Stopping service [Tomcat]
2024-12-20 00:54:17 - 

Error starting ApplicationContext. To display the condition evaluation report re-run your application with 'debug' enabled.
2024-12-20 00:54:17 - Application run failed
org.springframework.beans.factory.BeanCreationException: Error creating bean with name 'entityManagerFactory' defined in class path resource [org/springframework/boot/autoconfigure/orm/jpa/HibernateJpaConfiguration.class]: [PersistenceUnit: default] Unable to build Hibernate SessionFactory; nested exception is org.hibernate.exception.GenericJDBCException: Unable to open JDBC Connection for DDL execution [FATAL: database "spendwise" does not exist] [n/a]
	at org.springframework.beans.factory.support.AbstractAutowireCapableBeanFactory.initializeBean(AbstractAutowireCapableBeanFactory.java:1788)
	at org.springframework.beans.factory.support.AbstractAutowireCapableBeanFactory.doCreateBean(AbstractAutowireCapableBeanFactory.java:600)
	at org.springframework.beans.factory.support.AbstractAutowireCapableBeanFactory.createBean(AbstractAutowireCapableBeanFactory.java:522)
	at org.springframework.beans.factory.support.AbstractBeanFactory.lambda$doGetBean$0(AbstractBeanFactory.java:337)
	at org.springframework.beans.factory.support.DefaultSingletonBeanRegistry.getSingleton(DefaultSingletonBeanRegistry.java:234)
	at org.springframework.beans.factory.support.AbstractBeanFactory.doGetBean(AbstractBeanFactory.java:335)
	at org.springframework.beans.factory.support.AbstractBeanFactory.getBean(AbstractBeanFactory.java:205)
	at org.springframework.context.support.AbstractApplicationContext.finishBeanFactoryInitialization(AbstractApplicationContext.java:952)
	at org.springframework.context.support.AbstractApplicationContext.refresh(AbstractApplicationContext.java:624)
	at org.springframework.boot.web.servlet.context.ServletWebServerApplicationContext.refresh(ServletWebServerApplicationContext.java:146)
	at org.springframework.boot.SpringApplication.refresh(SpringApplication.java:754)
	at org.springframework.boot.SpringApplication.refreshContext(SpringApplication.java:456)
	at org.springframework.boot.SpringApplication.run(SpringApplication.java:335)
	at org.springframework.boot.SpringApplication.run(SpringApplication.java:1363)
	at org.springframework.boot.SpringApplication.run(SpringApplication.java:1352)
	at com.app.spendWise.SpendWiseApplication.main(SpendWiseApplication.java:14)
	at java.base/jdk.internal.reflect.NativeMethodAccessorImpl.invoke0(Native Method)
	at java.base/jdk.internal.reflect.NativeMethodAccessorImpl.invoke(NativeMethodAccessorImpl.java:77)
	at java.base/jdk.internal.reflect.DelegatingMethodAccessorImpl.invoke(DelegatingMethodAccessorImpl.java:43)
	at java.base/java.lang.reflect.Method.invoke(Method.java:568)
	at org.springframework.boot.devtools.restart.RestartLauncher.run(RestartLauncher.java:50)
Caused by: jakarta.persistence.PersistenceException: [PersistenceUnit: default] Unable to build Hibernate SessionFactory; nested exception is org.hibernate.exception.GenericJDBCException: Unable to open JDBC Connection for DDL execution [FATAL: database "spendwise" does not exist] [n/a]
	at org.springframework.orm.jpa.AbstractEntityManagerFactoryBean.buildNativeEntityManagerFactory(AbstractEntityManagerFactoryBean.java:421)
	at org.springframework.orm.jpa.AbstractEntityManagerFactoryBean.afterPropertiesSet(AbstractEntityManagerFactoryBean.java:396)
	at org.springframework.orm.jpa.LocalContainerEntityManagerFactoryBean.afterPropertiesSet(LocalContainerEntityManagerFactoryBean.java:366)
	at org.springframework.beans.factory.support.AbstractAutowireCapableBeanFactory.invokeInitMethods(AbstractAutowireCapableBeanFactory.java:1835)
	at org.springframework.beans.factory.support.AbstractAutowireCapableBeanFactory.initializeBean(AbstractAutowireCapableBeanFactory.java:1784)
	... 20 common frames omitted
Caused by: org.hibernate.exception.GenericJDBCException: Unable to open JDBC Connection for DDL execution [FATAL: database "spendwise" does not exist] [n/a]
	at org.hibernate.exception.internal.StandardSQLExceptionConverter.convert(StandardSQLExceptionConverter.java:63)
	at org.hibernate.engine.jdbc.spi.SqlExceptionHelper.convert(SqlExceptionHelper.java:108)
	at org.hibernate.engine.jdbc.spi.SqlExceptionHelper.convert(SqlExceptionHelper.java:94)
	at org.hibernate.resource.transaction.backend.jdbc.internal.DdlTransactionIsolatorNonJtaImpl.getIsolatedConnection(DdlTransactionIsolatorNonJtaImpl.java:74)
	at org.hibernate.resource.transaction.backend.jdbc.internal.DdlTransactionIsolatorNonJtaImpl.getIsolatedConnection(DdlTransactionIsolatorNonJtaImpl.java:39)
	at org.hibernate.tool.schema.internal.exec.ImprovedExtractionContextImpl.getJdbcConnection(ImprovedExtractionContextImpl.java:63)
	at org.hibernate.tool.schema.extract.spi.ExtractionContext.getQueryResults(ExtractionContext.java:43)
	at org.hibernate.tool.schema.extract.internal.SequenceInformationExtractorLegacyImpl.extractMetadata(SequenceInformationExtractorLegacyImpl.java:39)
	at org.hibernate.tool.schema.extract.internal.DatabaseInformationImpl.initializeSequences(DatabaseInformationImpl.java:66)
	at org.hibernate.tool.schema.extract.internal.DatabaseInformationImpl.<init>(DatabaseInformationImpl.java:60)
	at org.hibernate.tool.schema.internal.Helper.buildDatabaseInformation(Helper.java:185)
	at org.hibernate.tool.schema.internal.AbstractSchemaMigrator.doMigration(AbstractSchemaMigrator.java:98)
	at org.hibernate.tool.schema.spi.SchemaManagementToolCoordinator.performDatabaseAction(SchemaManagementToolCoordinator.java:280)
	at org.hibernate.tool.schema.spi.SchemaManagementToolCoordinator.lambda$process$5(SchemaManagementToolCoordinator.java:144)
	at java.base/java.util.HashMap.forEach(HashMap.java:1421)
	at org.hibernate.tool.schema.spi.SchemaManagementToolCoordinator.process(SchemaManagementToolCoordinator.java:141)
	at org.hibernate.boot.internal.SessionFactoryObserverForSchemaExport.sessionFactoryCreated(SessionFactoryObserverForSchemaExport.java:37)
	at org.hibernate.internal.SessionFactoryObserverChain.sessionFactoryCreated(SessionFactoryObserverChain.java:35)
	at org.hibernate.internal.SessionFactoryImpl.<init>(SessionFactoryImpl.java:322)
	at org.hibernate.boot.internal.SessionFactoryBuilderImpl.build(SessionFactoryBuilderImpl.java:457)
	at org.hibernate.jpa.boot.internal.EntityManagerFactoryBuilderImpl.build(EntityManagerFactoryBuilderImpl.java:1506)
	at org.springframework.orm.jpa.vendor.SpringHibernateJpaPersistenceProvider.createContainerEntityManagerFactory(SpringHibernateJpaPersistenceProvider.java:75)
	at org.springframework.orm.jpa.LocalContainerEntityManagerFactoryBean.createNativeEntityManagerFactory(LocalContainerEntityManagerFactoryBean.java:390)
	at org.springframework.orm.jpa.AbstractEntityManagerFactoryBean.buildNativeEntityManagerFactory(AbstractEntityManagerFactoryBean.java:409)
	... 24 common frames omitted
Caused by: org.postgresql.util.PSQLException: FATAL: database "spendwise" does not exist
	at org.postgresql.core.v3.QueryExecutorImpl.receiveErrorResponse(QueryExecutorImpl.java:2725)
	at org.postgresql.core.v3.QueryExecutorImpl.readStartupMessages(QueryExecutorImpl.java:2837)
	at org.postgresql.core.v3.QueryExecutorImpl.<init>(QueryExecutorImpl.java:175)
	at org.postgresql.core.v3.ConnectionFactoryImpl.openConnectionImpl(ConnectionFactoryImpl.java:317)
	at org.postgresql.core.ConnectionFactory.openConnection(ConnectionFactory.java:54)
	at org.postgresql.jdbc.PgConnection.<init>(PgConnection.java:273)
	at org.postgresql.Driver.makeConnection(Driver.java:446)
	at org.postgresql.Driver.connect(Driver.java:298)
	at com.zaxxer.hikari.util.DriverDataSource.getConnection(DriverDataSource.java:137)
	at com.zaxxer.hikari.pool.PoolBase.newConnection(PoolBase.java:360)
	at com.zaxxer.hikari.pool.PoolBase.newPoolEntry(PoolBase.java:202)
	at com.zaxxer.hikari.pool.HikariPool.createPoolEntry(HikariPool.java:461)
	at com.zaxxer.hikari.pool.HikariPool.checkFailFast(HikariPool.java:550)
	at com.zaxxer.hikari.pool.HikariPool.<init>(HikariPool.java:98)
	at com.zaxxer.hikari.HikariDataSource.getConnection(HikariDataSource.java:111)
	at org.hibernate.engine.jdbc.connections.internal.DatasourceConnectionProviderImpl.getConnection(DatasourceConnectionProviderImpl.java:122)
	at org.hibernate.engine.jdbc.env.internal.JdbcEnvironmentInitiator$ConnectionProviderJdbcConnectionAccess.obtainConnection(JdbcEnvironmentInitiator.java:437)
	at org.hibernate.resource.transaction.backend.jdbc.internal.DdlTransactionIsolatorNonJtaImpl.getIsolatedConnection(DdlTransactionIsolatorNonJtaImpl.java:46)
	... 44 common frames omitted
2024-12-20 00:55:06 - Starting SpendWiseApplication using Java 17.0.11 with PID 16252 (C:\Users\ASUS\IdeaProjects\spendwise\target\classes started by ASUS in C:\Users\ASUS\IdeaProjects\spendwise)
2024-12-20 00:55:06 - Running with Spring Boot v3.3.0, Spring v6.1.8
2024-12-20 00:55:06 - No active profile set, falling back to 1 default profile: "default"
2024-12-20 00:55:06 - Devtools property defaults active! Set 'spring.devtools.add-properties' to 'false' to disable
2024-12-20 00:55:06 - For additional web related logging consider setting the 'logging.level.web' property to 'DEBUG'
2024-12-20 00:55:07 - Bootstrapping Spring Data JPA repositories in DEFAULT mode.
2024-12-20 00:55:07 - Finished Spring Data repository scanning in 52 ms. Found 8 JPA repository interfaces.
2024-12-20 00:55:07 - Tomcat initialized with port 8080 (http)
2024-12-20 00:55:07 - Initializing ProtocolHandler ["http-nio-8080"]
2024-12-20 00:55:07 - Starting service [Tomcat]
2024-12-20 00:55:07 - Starting Servlet engine: [Apache Tomcat/10.1.24]
2024-12-20 00:55:07 - Initializing Spring embedded WebApplicationContext
2024-12-20 00:55:07 - Root WebApplicationContext: initialization completed in 1224 ms
2024-12-20 00:55:08 - HHH000204: Processing PersistenceUnitInfo [name: default]
2024-12-20 00:55:08 - HHH000412: Hibernate ORM core version 6.5.2.Final
2024-12-20 00:55:08 - HHH000026: Second-level cache disabled
2024-12-20 00:55:08 - No LoadTimeWeaver setup: ignoring JPA class transformer
2024-12-20 00:55:08 - HikariPool-1 - Starting...
2024-12-20 00:55:08 - HikariPool-1 - Added connection org.postgresql.jdbc.PgConnection@74b02ea
2024-12-20 00:55:08 - HikariPool-1 - Start completed.
2024-12-20 00:55:08 - HHH90000025: PostgreSQLDialect does not need to be specified explicitly using 'hibernate.dialect' (remove the property setting and it will be selected by default)
2024-12-20 00:55:09 - HHH000489: No JTA platform available (set 'hibernate.transaction.jta.platform' to enable JTA platform integration)
2024-12-20 00:55:09 - Initialized JPA EntityManagerFactory for persistence unit 'default'
2024-12-20 00:55:09 - Hibernate is in classpath; If applicable, HQL parser will be used.
2024-12-20 00:55:10 - spring.jpa.open-in-view is enabled by default. Therefore, database queries may be performed during view rendering. Explicitly configure spring.jpa.open-in-view to disable this warning
2024-12-20 00:55:10 - Will secure any request with [org.springframework.security.web.session.DisableEncodeUrlFilter@b565921, org.springframework.security.web.context.request.async.WebAsyncManagerIntegrationFilter@67f7d613, org.springframework.security.web.context.SecurityContextHolderFilter@696a6f5a, org.springframework.security.web.header.HeaderWriterFilter@1b7453e5, org.springframework.web.filter.CorsFilter@3091528a, org.springframework.security.web.csrf.CsrfFilter@6570af67, org.springframework.security.web.authentication.logout.LogoutFilter@2a651f8b, org.springframework.security.oauth2.server.resource.web.authentication.BearerTokenAuthenticationFilter@9fbc95e, org.springframework.security.web.savedrequest.RequestCacheAwareFilter@504653f0, org.springframework.security.web.servletapi.SecurityContextHolderAwareRequestFilter@4bfc4aeb, org.springframework.security.web.authentication.AnonymousAuthenticationFilter@5b037a35, org.springframework.security.web.access.ExceptionTranslationFilter@5c10fa0f, org.springframework.security.web.access.intercept.AuthorizationFilter@351b0e8]
2024-12-20 00:55:10 - LiveReload server is running on port 35729
2024-12-20 00:55:10 - Starting ProtocolHandler ["http-nio-8080"]
2024-12-20 00:55:10 - Tomcat started on port 8080 (http) with context path '/'
2024-12-20 00:55:10 - Started SpendWiseApplication in 5.856 seconds (process running for 6.464)
2024-12-20 00:55:27 - Initializing Spring DispatcherServlet 'dispatcherServlet'
2024-12-20 00:55:27 - Initializing Servlet 'dispatcherServlet'
2024-12-20 00:55:27 - Completed initialization in 2 ms
2024-12-20 04:09:34 - HikariPool-1 - Thread starvation or clock leap detected (housekeeper delta=3h1m55s236ms700ns).
2024-12-20 07:21:30 - HikariPool-1 - Thread starvation or clock leap detected (housekeeper delta=3h1m55s880ms694µs300ns).
2024-12-20 10:33:25 - HikariPool-1 - Thread starvation or clock leap detected (housekeeper delta=3h1m55s241ms43µs300ns).
2024-12-20 11:32:28 - HikariPool-1 - Thread starvation or clock leap detected (housekeeper delta=49m2s816ms202µs900ns).
2024-12-20 12:36:37 - HikariPool-1 - Thread starvation or clock leap detected (housekeeper delta=39m38s926ms600ns).
2024-12-20 18:26:55 - Starting SpendWiseApplication using Java 17.0.11 with PID 4516 (C:\Users\ASUS\IdeaProjects\spendwise\target\classes started by ASUS in C:\Users\ASUS\IdeaProjects\spendwise)
2024-12-20 18:26:55 - Running with Spring Boot v3.3.0, Spring v6.1.8
2024-12-20 18:26:55 - No active profile set, falling back to 1 default profile: "default"
2024-12-20 18:26:55 - Devtools property defaults active! Set 'spring.devtools.add-properties' to 'false' to disable
2024-12-20 18:26:55 - For additional web related logging consider setting the 'logging.level.web' property to 'DEBUG'
2024-12-20 18:26:57 - Bootstrapping Spring Data JPA repositories in DEFAULT mode.
2024-12-20 18:26:57 - Finished Spring Data repository scanning in 142 ms. Found 8 JPA repository interfaces.
2024-12-20 18:26:59 - Tomcat initialized with port 8080 (http)
2024-12-20 18:26:59 - Initializing ProtocolHandler ["http-nio-8080"]
2024-12-20 18:26:59 - Starting service [Tomcat]
2024-12-20 18:26:59 - Starting Servlet engine: [Apache Tomcat/10.1.24]
2024-12-20 18:26:59 - Initializing Spring embedded WebApplicationContext
2024-12-20 18:26:59 - Root WebApplicationContext: initialization completed in 3658 ms
2024-12-20 18:26:59 - HHH000204: Processing PersistenceUnitInfo [name: default]
2024-12-20 18:27:00 - HHH000412: Hibernate ORM core version 6.5.2.Final
2024-12-20 18:27:00 - HHH000026: Second-level cache disabled
2024-12-20 18:27:00 - No LoadTimeWeaver setup: ignoring JPA class transformer
2024-12-20 18:27:00 - HikariPool-1 - Starting...
2024-12-20 18:27:01 - HikariPool-1 - Added connection org.postgresql.jdbc.PgConnection@3278c400
2024-12-20 18:27:01 - HikariPool-1 - Start completed.
2024-12-20 18:27:01 - HHH90000025: PostgreSQLDialect does not need to be specified explicitly using 'hibernate.dialect' (remove the property setting and it will be selected by default)
2024-12-20 18:27:03 - HHH000489: No JTA platform available (set 'hibernate.transaction.jta.platform' to enable JTA platform integration)
2024-12-20 18:27:04 - Initialized JPA EntityManagerFactory for persistence unit 'default'
2024-12-20 18:27:05 - Hibernate is in classpath; If applicable, HQL parser will be used.
2024-12-20 18:27:06 - spring.jpa.open-in-view is enabled by default. Therefore, database queries may be performed during view rendering. Explicitly configure spring.jpa.open-in-view to disable this warning
2024-12-20 18:27:07 - Will secure any request with [org.springframework.security.web.session.DisableEncodeUrlFilter@365a197e, org.springframework.security.web.context.request.async.WebAsyncManagerIntegrationFilter@4e2a9577, org.springframework.security.web.context.SecurityContextHolderFilter@5e417646, org.springframework.security.web.header.HeaderWriterFilter@767b62f4, org.springframework.web.filter.CorsFilter@4eded, org.springframework.security.web.csrf.CsrfFilter@76cc2da7, org.springframework.security.web.authentication.logout.LogoutFilter@7a447501, org.springframework.security.oauth2.server.resource.web.authentication.BearerTokenAuthenticationFilter@19eaf15e, org.springframework.security.web.savedrequest.RequestCacheAwareFilter@2082dc6b, org.springframework.security.web.servletapi.SecurityContextHolderAwareRequestFilter@443b1e48, org.springframework.security.web.authentication.AnonymousAuthenticationFilter@6504ae78, org.springframework.security.web.access.ExceptionTranslationFilter@42ae1c61, org.springframework.security.web.access.intercept.AuthorizationFilter@1a56e6a0]
2024-12-20 18:27:08 - LiveReload server is running on port 35729
2024-12-20 18:27:08 - Starting ProtocolHandler ["http-nio-8080"]
2024-12-20 18:27:08 - Tomcat started on port 8080 (http) with context path '/'
2024-12-20 18:27:08 - Started SpendWiseApplication in 16.273 seconds (process running for 17.703)
2024-12-20 18:27:28 - Initializing Spring DispatcherServlet 'dispatcherServlet'
2024-12-20 18:27:28 - Initializing Servlet 'dispatcherServlet'
2024-12-20 18:27:28 - Completed initialization in 2 ms
2024-12-20 20:06:14 - HikariPool-1 - Thread starvation or clock leap detected (housekeeper delta=53m42s565ms863µs800ns).
2024-12-20 21:29:54 - HikariPool-1 - Thread starvation or clock leap detected (housekeeper delta=26m9s62ms271µs100ns).
2024-12-20 21:51:10 - HikariPool-1 - Thread starvation or clock leap detected (housekeeper delta=10m15s289ms434µs500ns).
