2024-12-14 22:57:21 - Starting SpendWiseApplicationTests using Java 17.0.11 with PID 10192 (started by ASUS in C:\Users\ASUS\IdeaProjects\spendwise)
2024-12-14 22:57:21 - Running with Spring Boot v3.3.0, Spring v6.1.8
2024-12-14 22:57:21 - No active profile set, falling back to 1 default profile: "default"
2024-12-14 22:57:22 - Bootstrapping Spring Data JPA repositories in DEFAULT mode.
2024-12-14 22:57:23 - Finished Spring Data repository scanning in 188 ms. Found 7 JPA repository interfaces.
2024-12-14 22:57:24 - HHH000204: Processing PersistenceUnitInfo [name: default]
2024-12-14 22:57:24 - HHH000412: Hibernate ORM core version 6.5.2.Final
2024-12-14 22:57:24 - HHH000026: Second-level cache disabled
2024-12-14 22:57:25 - No LoadTimeWeaver setup: ignoring JPA class transformer
2024-12-14 22:57:25 - HikariPool-1 - Starting...
2024-12-14 22:57:25 - HikariPool-1 - Added connection org.postgresql.jdbc.PgConnection@5690c2a8
2024-12-14 22:57:25 - HikariPool-1 - Start completed.
2024-12-14 22:57:25 - HHH90000025: PostgreSQLDialect does not need to be specified explicitly using 'hibernate.dialect' (remove the property setting and it will be selected by default)
2024-12-14 22:57:27 - HHH000489: No JTA platform available (set 'hibernate.transaction.jta.platform' to enable JTA platform integration)
2024-12-14 22:57:27 - Initialized JPA EntityManagerFactory for persistence unit 'default'
2024-12-14 22:57:28 - Hibernate is in classpath; If applicable, HQL parser will be used.
2024-12-14 22:57:29 - spring.jpa.open-in-view is enabled by default. Therefore, database queries may be performed during view rendering. Explicitly configure spring.jpa.open-in-view to disable this warning
2024-12-14 22:57:30 - Will secure any request with [org.springframework.security.web.session.DisableEncodeUrlFilter@41116c0e, org.springframework.security.web.context.request.async.WebAsyncManagerIntegrationFilter@5fefb35c, org.springframework.security.web.context.SecurityContextHolderFilter@6ac4f76a, org.springframework.security.web.header.HeaderWriterFilter@7e762feb, org.springframework.web.filter.CorsFilter@4f92ded0, org.springframework.security.web.csrf.CsrfFilter@127abbbe, org.springframework.security.web.authentication.logout.LogoutFilter@47955046, org.springframework.security.oauth2.server.resource.web.authentication.BearerTokenAuthenticationFilter@6b2cbea, org.springframework.security.web.savedrequest.RequestCacheAwareFilter@21a1790d, org.springframework.security.web.servletapi.SecurityContextHolderAwareRequestFilter@18505320, org.springframework.security.web.authentication.AnonymousAuthenticationFilter@248ad8a1, org.springframework.security.web.access.ExceptionTranslationFilter@790e6eae, org.springframework.security.web.access.intercept.AuthorizationFilter@eb3ceb4]
2024-12-14 22:57:30 - Started SpendWiseApplicationTests in 12.142 seconds (process running for 13.996)
2024-12-14 22:57:31 - Closing JPA EntityManagerFactory for persistence unit 'default'
2024-12-14 22:57:31 - HikariPool-1 - Shutdown initiated...
2024-12-14 22:57:31 - HikariPool-1 - Shutdown completed.
2024-12-15 15:08:54 - Starting SpendWiseApplication using Java 17.0.11 with PID 18280 (C:\Users\ASUS\IdeaProjects\spendwise\target\classes started by ASUS in C:\Users\ASUS\IdeaProjects\spendwise)
2024-12-15 15:08:54 - Running with Spring Boot v3.3.0, Spring v6.1.8
2024-12-15 15:08:54 - No active profile set, falling back to 1 default profile: "default"
2024-12-15 15:08:54 - Devtools property defaults active! Set 'spring.devtools.add-properties' to 'false' to disable
2024-12-15 15:08:54 - For additional web related logging consider setting the 'logging.level.web' property to 'DEBUG'
2024-12-15 15:08:55 - Bootstrapping Spring Data JPA repositories in DEFAULT mode.
2024-12-15 15:08:55 - Finished Spring Data repository scanning in 67 ms. Found 8 JPA repository interfaces.
2024-12-15 15:08:55 - Tomcat initialized with port 8080 (http)
2024-12-15 15:08:55 - Initializing ProtocolHandler ["http-nio-8080"]
2024-12-15 15:08:55 - Starting service [Tomcat]
2024-12-15 15:08:55 - Starting Servlet engine: [Apache Tomcat/10.1.24]
2024-12-15 15:08:55 - Initializing Spring embedded WebApplicationContext
2024-12-15 15:08:55 - Root WebApplicationContext: initialization completed in 1634 ms
2024-12-15 15:08:56 - HHH000204: Processing PersistenceUnitInfo [name: default]
2024-12-15 15:08:56 - HHH000412: Hibernate ORM core version 6.5.2.Final
2024-12-15 15:08:56 - HHH000026: Second-level cache disabled
2024-12-15 15:08:56 - No LoadTimeWeaver setup: ignoring JPA class transformer
2024-12-15 15:08:56 - HikariPool-1 - Starting...
2024-12-15 15:08:56 - HikariPool-1 - Added connection org.postgresql.jdbc.PgConnection@4938c569
2024-12-15 15:08:56 - HikariPool-1 - Start completed.
2024-12-15 15:08:56 - HHH90000025: PostgreSQLDialect does not need to be specified explicitly using 'hibernate.dialect' (remove the property setting and it will be selected by default)
2024-12-15 15:08:58 - HHH000489: No JTA platform available (set 'hibernate.transaction.jta.platform' to enable JTA platform integration)
2024-12-15 15:08:58 - Initialized JPA EntityManagerFactory for persistence unit 'default'
2024-12-15 15:08:58 - Hibernate is in classpath; If applicable, HQL parser will be used.
2024-12-15 15:08:59 - Exception encountered during context initialization - cancelling refresh attempt: org.springframework.beans.factory.UnsatisfiedDependencyException: Error creating bean with name 'milestoneController': Unsatisfied dependency expressed through field 'milestoneService': Error creating bean with name 'milestoneService': Unsatisfied dependency expressed through field 'milestoneRepository': Error creating bean with name 'milestoneRepository' defined in com.app.spendWise.repository.MilestoneRepository defined in @EnableJpaRepositories declared on JpaRepositoriesRegistrar.EnableJpaRepositoriesConfiguration: Could not create query for public abstract java.util.List com.app.spendWise.repository.MilestoneRepository.findByUser_id(java.lang.String); Reason: Failed to create query for method public abstract java.util.List com.app.spendWise.repository.MilestoneRepository.findByUser_id(java.lang.String); No property 'id' found for type 'User'; Traversed path: Milestone.user
2024-12-15 15:08:59 - Closing JPA EntityManagerFactory for persistence unit 'default'
2024-12-15 15:08:59 - HikariPool-1 - Shutdown initiated...
2024-12-15 15:08:59 - HikariPool-1 - Shutdown completed.
2024-12-15 15:08:59 - Stopping service [Tomcat]
2024-12-15 15:08:59 - 

Error starting ApplicationContext. To display the condition evaluation report re-run your application with 'debug' enabled.
2024-12-15 15:08:59 - Application run failed
org.springframework.beans.factory.UnsatisfiedDependencyException: Error creating bean with name 'milestoneController': Unsatisfied dependency expressed through field 'milestoneService': Error creating bean with name 'milestoneService': Unsatisfied dependency expressed through field 'milestoneRepository': Error creating bean with name 'milestoneRepository' defined in com.app.spendWise.repository.MilestoneRepository defined in @EnableJpaRepositories declared on JpaRepositoriesRegistrar.EnableJpaRepositoriesConfiguration: Could not create query for public abstract java.util.List com.app.spendWise.repository.MilestoneRepository.findByUser_id(java.lang.String); Reason: Failed to create query for method public abstract java.util.List com.app.spendWise.repository.MilestoneRepository.findByUser_id(java.lang.String); No property 'id' found for type 'User'; Traversed path: Milestone.user
	at org.springframework.beans.factory.annotation.AutowiredAnnotationBeanPostProcessor$AutowiredFieldElement.resolveFieldValue(AutowiredAnnotationBeanPostProcessor.java:787)
	at org.springframework.beans.factory.annotation.AutowiredAnnotationBeanPostProcessor$AutowiredFieldElement.inject(AutowiredAnnotationBeanPostProcessor.java:767)
	at org.springframework.beans.factory.annotation.InjectionMetadata.inject(InjectionMetadata.java:145)
	at org.springframework.beans.factory.annotation.AutowiredAnnotationBeanPostProcessor.postProcessProperties(AutowiredAnnotationBeanPostProcessor.java:508)
	at org.springframework.beans.factory.support.AbstractAutowireCapableBeanFactory.populateBean(AbstractAutowireCapableBeanFactory.java:1421)
	at org.springframework.beans.factory.support.AbstractAutowireCapableBeanFactory.doCreateBean(AbstractAutowireCapableBeanFactory.java:599)
	at org.springframework.beans.factory.support.AbstractAutowireCapableBeanFactory.createBean(AbstractAutowireCapableBeanFactory.java:522)
	at org.springframework.beans.factory.support.AbstractBeanFactory.lambda$doGetBean$0(AbstractBeanFactory.java:337)
	at org.springframework.beans.factory.support.DefaultSingletonBeanRegistry.getSingleton(DefaultSingletonBeanRegistry.java:234)
	at org.springframework.beans.factory.support.AbstractBeanFactory.doGetBean(AbstractBeanFactory.java:335)
	at org.springframework.beans.factory.support.AbstractBeanFactory.getBean(AbstractBeanFactory.java:200)
	at org.springframework.beans.factory.support.DefaultListableBeanFactory.preInstantiateSingletons(DefaultListableBeanFactory.java:975)
	at org.springframework.context.support.AbstractApplicationContext.finishBeanFactoryInitialization(AbstractApplicationContext.java:962)
	at org.springframework.context.support.AbstractApplicationContext.refresh(AbstractApplicationContext.java:624)
	at org.springframework.boot.web.servlet.context.ServletWebServerApplicationContext.refresh(ServletWebServerApplicationContext.java:146)
	at org.springframework.boot.SpringApplication.refresh(SpringApplication.java:754)
	at org.springframework.boot.SpringApplication.refreshContext(SpringApplication.java:456)
	at org.springframework.boot.SpringApplication.run(SpringApplication.java:335)
	at org.springframework.boot.SpringApplication.run(SpringApplication.java:1363)
	at org.springframework.boot.SpringApplication.run(SpringApplication.java:1352)
	at com.app.spendWise.SpendWiseApplication.main(SpendWiseApplication.java:14)
	at java.base/jdk.internal.reflect.NativeMethodAccessorImpl.invoke0(Native Method)
	at java.base/jdk.internal.reflect.NativeMethodAccessorImpl.invoke(NativeMethodAccessorImpl.java:77)
	at java.base/jdk.internal.reflect.DelegatingMethodAccessorImpl.invoke(DelegatingMethodAccessorImpl.java:43)
	at java.base/java.lang.reflect.Method.invoke(Method.java:568)
	at org.springframework.boot.devtools.restart.RestartLauncher.run(RestartLauncher.java:50)
Caused by: org.springframework.beans.factory.UnsatisfiedDependencyException: Error creating bean with name 'milestoneService': Unsatisfied dependency expressed through field 'milestoneRepository': Error creating bean with name 'milestoneRepository' defined in com.app.spendWise.repository.MilestoneRepository defined in @EnableJpaRepositories declared on JpaRepositoriesRegistrar.EnableJpaRepositoriesConfiguration: Could not create query for public abstract java.util.List com.app.spendWise.repository.MilestoneRepository.findByUser_id(java.lang.String); Reason: Failed to create query for method public abstract java.util.List com.app.spendWise.repository.MilestoneRepository.findByUser_id(java.lang.String); No property 'id' found for type 'User'; Traversed path: Milestone.user
	at org.springframework.beans.factory.annotation.AutowiredAnnotationBeanPostProcessor$AutowiredFieldElement.resolveFieldValue(AutowiredAnnotationBeanPostProcessor.java:787)
	at org.springframework.beans.factory.annotation.AutowiredAnnotationBeanPostProcessor$AutowiredFieldElement.inject(AutowiredAnnotationBeanPostProcessor.java:767)
	at org.springframework.beans.factory.annotation.InjectionMetadata.inject(InjectionMetadata.java:145)
	at org.springframework.beans.factory.annotation.AutowiredAnnotationBeanPostProcessor.postProcessProperties(AutowiredAnnotationBeanPostProcessor.java:508)
	at org.springframework.beans.factory.support.AbstractAutowireCapableBeanFactory.populateBean(AbstractAutowireCapableBeanFactory.java:1421)
	at org.springframework.beans.factory.support.AbstractAutowireCapableBeanFactory.doCreateBean(AbstractAutowireCapableBeanFactory.java:599)
	at org.springframework.beans.factory.support.AbstractAutowireCapableBeanFactory.createBean(AbstractAutowireCapableBeanFactory.java:522)
	at org.springframework.beans.factory.support.AbstractBeanFactory.lambda$doGetBean$0(AbstractBeanFactory.java:337)
	at org.springframework.beans.factory.support.DefaultSingletonBeanRegistry.getSingleton(DefaultSingletonBeanRegistry.java:234)
	at org.springframework.beans.factory.support.AbstractBeanFactory.doGetBean(AbstractBeanFactory.java:335)
	at org.springframework.beans.factory.support.AbstractBeanFactory.getBean(AbstractBeanFactory.java:200)
	at org.springframework.beans.factory.config.DependencyDescriptor.resolveCandidate(DependencyDescriptor.java:254)
	at org.springframework.beans.factory.support.DefaultListableBeanFactory.doResolveDependency(DefaultListableBeanFactory.java:1443)
	at org.springframework.beans.factory.support.DefaultListableBeanFactory.resolveDependency(DefaultListableBeanFactory.java:1353)
	at org.springframework.beans.factory.annotation.AutowiredAnnotationBeanPostProcessor$AutowiredFieldElement.resolveFieldValue(AutowiredAnnotationBeanPostProcessor.java:784)
	... 25 common frames omitted
Caused by: org.springframework.beans.factory.BeanCreationException: Error creating bean with name 'milestoneRepository' defined in com.app.spendWise.repository.MilestoneRepository defined in @EnableJpaRepositories declared on JpaRepositoriesRegistrar.EnableJpaRepositoriesConfiguration: Could not create query for public abstract java.util.List com.app.spendWise.repository.MilestoneRepository.findByUser_id(java.lang.String); Reason: Failed to create query for method public abstract java.util.List com.app.spendWise.repository.MilestoneRepository.findByUser_id(java.lang.String); No property 'id' found for type 'User'; Traversed path: Milestone.user
	at org.springframework.beans.factory.support.AbstractAutowireCapableBeanFactory.initializeBean(AbstractAutowireCapableBeanFactory.java:1788)
	at org.springframework.beans.factory.support.AbstractAutowireCapableBeanFactory.doCreateBean(AbstractAutowireCapableBeanFactory.java:600)
	at org.springframework.beans.factory.support.AbstractAutowireCapableBeanFactory.createBean(AbstractAutowireCapableBeanFactory.java:522)
	at org.springframework.beans.factory.support.AbstractBeanFactory.lambda$doGetBean$0(AbstractBeanFactory.java:337)
	at org.springframework.beans.factory.support.DefaultSingletonBeanRegistry.getSingleton(DefaultSingletonBeanRegistry.java:234)
	at org.springframework.beans.factory.support.AbstractBeanFactory.doGetBean(AbstractBeanFactory.java:335)
	at org.springframework.beans.factory.support.AbstractBeanFactory.getBean(AbstractBeanFactory.java:200)
	at org.springframework.beans.factory.config.DependencyDescriptor.resolveCandidate(DependencyDescriptor.java:254)
	at org.springframework.beans.factory.support.DefaultListableBeanFactory.doResolveDependency(DefaultListableBeanFactory.java:1443)
	at org.springframework.beans.factory.support.DefaultListableBeanFactory.resolveDependency(DefaultListableBeanFactory.java:1353)
	at org.springframework.beans.factory.annotation.AutowiredAnnotationBeanPostProcessor$AutowiredFieldElement.resolveFieldValue(AutowiredAnnotationBeanPostProcessor.java:784)
	... 39 common frames omitted
Caused by: org.springframework.data.repository.query.QueryCreationException: Could not create query for public abstract java.util.List com.app.spendWise.repository.MilestoneRepository.findByUser_id(java.lang.String); Reason: Failed to create query for method public abstract java.util.List com.app.spendWise.repository.MilestoneRepository.findByUser_id(java.lang.String); No property 'id' found for type 'User'; Traversed path: Milestone.user
	at org.springframework.data.repository.query.QueryCreationException.create(QueryCreationException.java:101)
	at org.springframework.data.repository.core.support.QueryExecutorMethodInterceptor.lookupQuery(QueryExecutorMethodInterceptor.java:115)
	at org.springframework.data.repository.core.support.QueryExecutorMethodInterceptor.mapMethodsToQuery(QueryExecutorMethodInterceptor.java:99)
	at org.springframework.data.repository.core.support.QueryExecutorMethodInterceptor.lambda$new$0(QueryExecutorMethodInterceptor.java:88)
	at java.base/java.util.Optional.map(Optional.java:260)
	at org.springframework.data.repository.core.support.QueryExecutorMethodInterceptor.<init>(QueryExecutorMethodInterceptor.java:88)
	at org.springframework.data.repository.core.support.RepositoryFactorySupport.getRepository(RepositoryFactorySupport.java:357)
	at org.springframework.data.repository.core.support.RepositoryFactoryBeanSupport.lambda$afterPropertiesSet$5(RepositoryFactoryBeanSupport.java:286)
	at org.springframework.data.util.Lazy.getNullable(Lazy.java:135)
	at org.springframework.data.util.Lazy.get(Lazy.java:113)
	at org.springframework.data.repository.core.support.RepositoryFactoryBeanSupport.afterPropertiesSet(RepositoryFactoryBeanSupport.java:292)
	at org.springframework.data.jpa.repository.support.JpaRepositoryFactoryBean.afterPropertiesSet(JpaRepositoryFactoryBean.java:132)
	at org.springframework.beans.factory.support.AbstractAutowireCapableBeanFactory.invokeInitMethods(AbstractAutowireCapableBeanFactory.java:1835)
	at org.springframework.beans.factory.support.AbstractAutowireCapableBeanFactory.initializeBean(AbstractAutowireCapableBeanFactory.java:1784)
	... 49 common frames omitted
Caused by: java.lang.IllegalArgumentException: Failed to create query for method public abstract java.util.List com.app.spendWise.repository.MilestoneRepository.findByUser_id(java.lang.String); No property 'id' found for type 'User'; Traversed path: Milestone.user
	at org.springframework.data.jpa.repository.query.PartTreeJpaQuery.<init>(PartTreeJpaQuery.java:106)
	at org.springframework.data.jpa.repository.query.JpaQueryLookupStrategy$CreateQueryLookupStrategy.resolveQuery(JpaQueryLookupStrategy.java:124)
	at org.springframework.data.jpa.repository.query.JpaQueryLookupStrategy$CreateIfNotFoundQueryLookupStrategy.resolveQuery(JpaQueryLookupStrategy.java:258)
	at org.springframework.data.jpa.repository.query.JpaQueryLookupStrategy$AbstractQueryLookupStrategy.resolveQuery(JpaQueryLookupStrategy.java:95)
	at org.springframework.data.repository.core.support.QueryExecutorMethodInterceptor.lookupQuery(QueryExecutorMethodInterceptor.java:111)
	... 61 common frames omitted
Caused by: org.springframework.data.mapping.PropertyReferenceException: No property 'id' found for type 'User'; Traversed path: Milestone.user
	at org.springframework.data.mapping.PropertyPath.<init>(PropertyPath.java:94)
	at org.springframework.data.mapping.PropertyPath.create(PropertyPath.java:455)
	at org.springframework.data.mapping.PropertyPath.create(PropertyPath.java:431)
	at org.springframework.data.mapping.PropertyPath.create(PropertyPath.java:415)
	at org.springframework.data.mapping.PropertyPath.lambda$from$0(PropertyPath.java:387)
	at java.base/java.util.concurrent.ConcurrentMap.computeIfAbsent(ConcurrentMap.java:330)
	at org.springframework.data.mapping.PropertyPath.from(PropertyPath.java:366)
	at org.springframework.data.mapping.PropertyPath.from(PropertyPath.java:344)
	at org.springframework.data.repository.query.parser.Part.<init>(Part.java:81)
	at org.springframework.data.repository.query.parser.PartTree$OrPart.lambda$new$0(PartTree.java:259)
	at java.base/java.util.stream.ReferencePipeline$3$1.accept(ReferencePipeline.java:197)
	at java.base/java.util.stream.ReferencePipeline$2$1.accept(ReferencePipeline.java:179)
	at java.base/java.util.Spliterators$ArraySpliterator.forEachRemaining(Spliterators.java:992)
	at java.base/java.util.stream.AbstractPipeline.copyInto(AbstractPipeline.java:509)
	at java.base/java.util.stream.AbstractPipeline.wrapAndCopyInto(AbstractPipeline.java:499)
	at java.base/java.util.stream.ReduceOps$ReduceOp.evaluateSequential(ReduceOps.java:921)
	at java.base/java.util.stream.AbstractPipeline.evaluate(AbstractPipeline.java:234)
	at java.base/java.util.stream.ReferencePipeline.collect(ReferencePipeline.java:682)
	at org.springframework.data.repository.query.parser.PartTree$OrPart.<init>(PartTree.java:260)
	at org.springframework.data.repository.query.parser.PartTree$Predicate.lambda$new$0(PartTree.java:389)
	at java.base/java.util.stream.ReferencePipeline$3$1.accept(ReferencePipeline.java:197)
	at java.base/java.util.stream.ReferencePipeline$2$1.accept(ReferencePipeline.java:179)
	at java.base/java.util.Spliterators$ArraySpliterator.forEachRemaining(Spliterators.java:992)
	at java.base/java.util.stream.AbstractPipeline.copyInto(AbstractPipeline.java:509)
	at java.base/java.util.stream.AbstractPipeline.wrapAndCopyInto(AbstractPipeline.java:499)
	at java.base/java.util.stream.ReduceOps$ReduceOp.evaluateSequential(ReduceOps.java:921)
	at java.base/java.util.stream.AbstractPipeline.evaluate(AbstractPipeline.java:234)
	at java.base/java.util.stream.ReferencePipeline.collect(ReferencePipeline.java:682)
	at org.springframework.data.repository.query.parser.PartTree$Predicate.<init>(PartTree.java:390)
	at org.springframework.data.repository.query.parser.PartTree.<init>(PartTree.java:103)
	at org.springframework.data.jpa.repository.query.PartTreeJpaQuery.<init>(PartTreeJpaQuery.java:100)
	... 65 common frames omitted
2024-12-15 15:10:45 - Starting SpendWiseApplication using Java 17.0.11 with PID 11568 (C:\Users\ASUS\IdeaProjects\spendwise\target\classes started by ASUS in C:\Users\ASUS\IdeaProjects\spendwise)
2024-12-15 15:10:45 - Running with Spring Boot v3.3.0, Spring v6.1.8
2024-12-15 15:10:45 - No active profile set, falling back to 1 default profile: "default"
2024-12-15 15:10:45 - Devtools property defaults active! Set 'spring.devtools.add-properties' to 'false' to disable
2024-12-15 15:10:45 - For additional web related logging consider setting the 'logging.level.web' property to 'DEBUG'
2024-12-15 15:10:46 - Bootstrapping Spring Data JPA repositories in DEFAULT mode.
2024-12-15 15:10:46 - Finished Spring Data repository scanning in 63 ms. Found 8 JPA repository interfaces.
2024-12-15 15:10:46 - Tomcat initialized with port 8080 (http)
2024-12-15 15:10:46 - Initializing ProtocolHandler ["http-nio-8080"]
2024-12-15 15:10:46 - Starting service [Tomcat]
2024-12-15 15:10:46 - Starting Servlet engine: [Apache Tomcat/10.1.24]
2024-12-15 15:10:46 - Initializing Spring embedded WebApplicationContext
2024-12-15 15:10:46 - Root WebApplicationContext: initialization completed in 1276 ms
2024-12-15 15:10:47 - HHH000204: Processing PersistenceUnitInfo [name: default]
2024-12-15 15:10:47 - HHH000412: Hibernate ORM core version 6.5.2.Final
2024-12-15 15:10:47 - HHH000026: Second-level cache disabled
2024-12-15 15:10:47 - No LoadTimeWeaver setup: ignoring JPA class transformer
2024-12-15 15:10:47 - HikariPool-1 - Starting...
2024-12-15 15:10:47 - HikariPool-1 - Added connection org.postgresql.jdbc.PgConnection@5d53d040
2024-12-15 15:10:47 - HikariPool-1 - Start completed.
2024-12-15 15:10:47 - HHH90000025: PostgreSQLDialect does not need to be specified explicitly using 'hibernate.dialect' (remove the property setting and it will be selected by default)
2024-12-15 15:10:48 - HHH000489: No JTA platform available (set 'hibernate.transaction.jta.platform' to enable JTA platform integration)
2024-12-15 15:10:48 - Initialized JPA EntityManagerFactory for persistence unit 'default'
2024-12-15 15:10:49 - Hibernate is in classpath; If applicable, HQL parser will be used.
2024-12-15 15:10:49 - Exception encountered during context initialization - cancelling refresh attempt: org.springframework.beans.factory.UnsatisfiedDependencyException: Error creating bean with name 'milestoneController': Unsatisfied dependency expressed through field 'milestoneService': Error creating bean with name 'milestoneService': Unsatisfied dependency expressed through field 'milestoneRepository': Error creating bean with name 'milestoneRepository' defined in com.app.spendWise.repository.MilestoneRepository defined in @EnableJpaRepositories declared on JpaRepositoriesRegistrar.EnableJpaRepositoriesConfiguration: Could not create query for public abstract java.util.List com.app.spendWise.repository.MilestoneRepository.findByUser_id(java.lang.String); Reason: Failed to create query for method public abstract java.util.List com.app.spendWise.repository.MilestoneRepository.findByUser_id(java.lang.String); No property 'id' found for type 'User'; Traversed path: Milestone.user
2024-12-15 15:10:49 - Closing JPA EntityManagerFactory for persistence unit 'default'
2024-12-15 15:10:49 - HikariPool-1 - Shutdown initiated...
2024-12-15 15:10:49 - HikariPool-1 - Shutdown completed.
2024-12-15 15:10:49 - Stopping service [Tomcat]
2024-12-15 15:10:49 - 

Error starting ApplicationContext. To display the condition evaluation report re-run your application with 'debug' enabled.
2024-12-15 15:10:49 - Application run failed
org.springframework.beans.factory.UnsatisfiedDependencyException: Error creating bean with name 'milestoneController': Unsatisfied dependency expressed through field 'milestoneService': Error creating bean with name 'milestoneService': Unsatisfied dependency expressed through field 'milestoneRepository': Error creating bean with name 'milestoneRepository' defined in com.app.spendWise.repository.MilestoneRepository defined in @EnableJpaRepositories declared on JpaRepositoriesRegistrar.EnableJpaRepositoriesConfiguration: Could not create query for public abstract java.util.List com.app.spendWise.repository.MilestoneRepository.findByUser_id(java.lang.String); Reason: Failed to create query for method public abstract java.util.List com.app.spendWise.repository.MilestoneRepository.findByUser_id(java.lang.String); No property 'id' found for type 'User'; Traversed path: Milestone.user
	at org.springframework.beans.factory.annotation.AutowiredAnnotationBeanPostProcessor$AutowiredFieldElement.resolveFieldValue(AutowiredAnnotationBeanPostProcessor.java:787)
	at org.springframework.beans.factory.annotation.AutowiredAnnotationBeanPostProcessor$AutowiredFieldElement.inject(AutowiredAnnotationBeanPostProcessor.java:767)
	at org.springframework.beans.factory.annotation.InjectionMetadata.inject(InjectionMetadata.java:145)
	at org.springframework.beans.factory.annotation.AutowiredAnnotationBeanPostProcessor.postProcessProperties(AutowiredAnnotationBeanPostProcessor.java:508)
	at org.springframework.beans.factory.support.AbstractAutowireCapableBeanFactory.populateBean(AbstractAutowireCapableBeanFactory.java:1421)
	at org.springframework.beans.factory.support.AbstractAutowireCapableBeanFactory.doCreateBean(AbstractAutowireCapableBeanFactory.java:599)
	at org.springframework.beans.factory.support.AbstractAutowireCapableBeanFactory.createBean(AbstractAutowireCapableBeanFactory.java:522)
	at org.springframework.beans.factory.support.AbstractBeanFactory.lambda$doGetBean$0(AbstractBeanFactory.java:337)
	at org.springframework.beans.factory.support.DefaultSingletonBeanRegistry.getSingleton(DefaultSingletonBeanRegistry.java:234)
	at org.springframework.beans.factory.support.AbstractBeanFactory.doGetBean(AbstractBeanFactory.java:335)
	at org.springframework.beans.factory.support.AbstractBeanFactory.getBean(AbstractBeanFactory.java:200)
	at org.springframework.beans.factory.support.DefaultListableBeanFactory.preInstantiateSingletons(DefaultListableBeanFactory.java:975)
	at org.springframework.context.support.AbstractApplicationContext.finishBeanFactoryInitialization(AbstractApplicationContext.java:962)
	at org.springframework.context.support.AbstractApplicationContext.refresh(AbstractApplicationContext.java:624)
	at org.springframework.boot.web.servlet.context.ServletWebServerApplicationContext.refresh(ServletWebServerApplicationContext.java:146)
	at org.springframework.boot.SpringApplication.refresh(SpringApplication.java:754)
	at org.springframework.boot.SpringApplication.refreshContext(SpringApplication.java:456)
	at org.springframework.boot.SpringApplication.run(SpringApplication.java:335)
	at org.springframework.boot.SpringApplication.run(SpringApplication.java:1363)
	at org.springframework.boot.SpringApplication.run(SpringApplication.java:1352)
	at com.app.spendWise.SpendWiseApplication.main(SpendWiseApplication.java:14)
	at java.base/jdk.internal.reflect.NativeMethodAccessorImpl.invoke0(Native Method)
	at java.base/jdk.internal.reflect.NativeMethodAccessorImpl.invoke(NativeMethodAccessorImpl.java:77)
	at java.base/jdk.internal.reflect.DelegatingMethodAccessorImpl.invoke(DelegatingMethodAccessorImpl.java:43)
	at java.base/java.lang.reflect.Method.invoke(Method.java:568)
	at org.springframework.boot.devtools.restart.RestartLauncher.run(RestartLauncher.java:50)
Caused by: org.springframework.beans.factory.UnsatisfiedDependencyException: Error creating bean with name 'milestoneService': Unsatisfied dependency expressed through field 'milestoneRepository': Error creating bean with name 'milestoneRepository' defined in com.app.spendWise.repository.MilestoneRepository defined in @EnableJpaRepositories declared on JpaRepositoriesRegistrar.EnableJpaRepositoriesConfiguration: Could not create query for public abstract java.util.List com.app.spendWise.repository.MilestoneRepository.findByUser_id(java.lang.String); Reason: Failed to create query for method public abstract java.util.List com.app.spendWise.repository.MilestoneRepository.findByUser_id(java.lang.String); No property 'id' found for type 'User'; Traversed path: Milestone.user
	at org.springframework.beans.factory.annotation.AutowiredAnnotationBeanPostProcessor$AutowiredFieldElement.resolveFieldValue(AutowiredAnnotationBeanPostProcessor.java:787)
	at org.springframework.beans.factory.annotation.AutowiredAnnotationBeanPostProcessor$AutowiredFieldElement.inject(AutowiredAnnotationBeanPostProcessor.java:767)
	at org.springframework.beans.factory.annotation.InjectionMetadata.inject(InjectionMetadata.java:145)
	at org.springframework.beans.factory.annotation.AutowiredAnnotationBeanPostProcessor.postProcessProperties(AutowiredAnnotationBeanPostProcessor.java:508)
	at org.springframework.beans.factory.support.AbstractAutowireCapableBeanFactory.populateBean(AbstractAutowireCapableBeanFactory.java:1421)
	at org.springframework.beans.factory.support.AbstractAutowireCapableBeanFactory.doCreateBean(AbstractAutowireCapableBeanFactory.java:599)
	at org.springframework.beans.factory.support.AbstractAutowireCapableBeanFactory.createBean(AbstractAutowireCapableBeanFactory.java:522)
	at org.springframework.beans.factory.support.AbstractBeanFactory.lambda$doGetBean$0(AbstractBeanFactory.java:337)
	at org.springframework.beans.factory.support.DefaultSingletonBeanRegistry.getSingleton(DefaultSingletonBeanRegistry.java:234)
	at org.springframework.beans.factory.support.AbstractBeanFactory.doGetBean(AbstractBeanFactory.java:335)
	at org.springframework.beans.factory.support.AbstractBeanFactory.getBean(AbstractBeanFactory.java:200)
	at org.springframework.beans.factory.config.DependencyDescriptor.resolveCandidate(DependencyDescriptor.java:254)
	at org.springframework.beans.factory.support.DefaultListableBeanFactory.doResolveDependency(DefaultListableBeanFactory.java:1443)
	at org.springframework.beans.factory.support.DefaultListableBeanFactory.resolveDependency(DefaultListableBeanFactory.java:1353)
	at org.springframework.beans.factory.annotation.AutowiredAnnotationBeanPostProcessor$AutowiredFieldElement.resolveFieldValue(AutowiredAnnotationBeanPostProcessor.java:784)
	... 25 common frames omitted
Caused by: org.springframework.beans.factory.BeanCreationException: Error creating bean with name 'milestoneRepository' defined in com.app.spendWise.repository.MilestoneRepository defined in @EnableJpaRepositories declared on JpaRepositoriesRegistrar.EnableJpaRepositoriesConfiguration: Could not create query for public abstract java.util.List com.app.spendWise.repository.MilestoneRepository.findByUser_id(java.lang.String); Reason: Failed to create query for method public abstract java.util.List com.app.spendWise.repository.MilestoneRepository.findByUser_id(java.lang.String); No property 'id' found for type 'User'; Traversed path: Milestone.user
	at org.springframework.beans.factory.support.AbstractAutowireCapableBeanFactory.initializeBean(AbstractAutowireCapableBeanFactory.java:1788)
	at org.springframework.beans.factory.support.AbstractAutowireCapableBeanFactory.doCreateBean(AbstractAutowireCapableBeanFactory.java:600)
	at org.springframework.beans.factory.support.AbstractAutowireCapableBeanFactory.createBean(AbstractAutowireCapableBeanFactory.java:522)
	at org.springframework.beans.factory.support.AbstractBeanFactory.lambda$doGetBean$0(AbstractBeanFactory.java:337)
	at org.springframework.beans.factory.support.DefaultSingletonBeanRegistry.getSingleton(DefaultSingletonBeanRegistry.java:234)
	at org.springframework.beans.factory.support.AbstractBeanFactory.doGetBean(AbstractBeanFactory.java:335)
	at org.springframework.beans.factory.support.AbstractBeanFactory.getBean(AbstractBeanFactory.java:200)
	at org.springframework.beans.factory.config.DependencyDescriptor.resolveCandidate(DependencyDescriptor.java:254)
	at org.springframework.beans.factory.support.DefaultListableBeanFactory.doResolveDependency(DefaultListableBeanFactory.java:1443)
	at org.springframework.beans.factory.support.DefaultListableBeanFactory.resolveDependency(DefaultListableBeanFactory.java:1353)
	at org.springframework.beans.factory.annotation.AutowiredAnnotationBeanPostProcessor$AutowiredFieldElement.resolveFieldValue(AutowiredAnnotationBeanPostProcessor.java:784)
	... 39 common frames omitted
Caused by: org.springframework.data.repository.query.QueryCreationException: Could not create query for public abstract java.util.List com.app.spendWise.repository.MilestoneRepository.findByUser_id(java.lang.String); Reason: Failed to create query for method public abstract java.util.List com.app.spendWise.repository.MilestoneRepository.findByUser_id(java.lang.String); No property 'id' found for type 'User'; Traversed path: Milestone.user
	at org.springframework.data.repository.query.QueryCreationException.create(QueryCreationException.java:101)
	at org.springframework.data.repository.core.support.QueryExecutorMethodInterceptor.lookupQuery(QueryExecutorMethodInterceptor.java:115)
	at org.springframework.data.repository.core.support.QueryExecutorMethodInterceptor.mapMethodsToQuery(QueryExecutorMethodInterceptor.java:99)
	at org.springframework.data.repository.core.support.QueryExecutorMethodInterceptor.lambda$new$0(QueryExecutorMethodInterceptor.java:88)
	at java.base/java.util.Optional.map(Optional.java:260)
	at org.springframework.data.repository.core.support.QueryExecutorMethodInterceptor.<init>(QueryExecutorMethodInterceptor.java:88)
	at org.springframework.data.repository.core.support.RepositoryFactorySupport.getRepository(RepositoryFactorySupport.java:357)
	at org.springframework.data.repository.core.support.RepositoryFactoryBeanSupport.lambda$afterPropertiesSet$5(RepositoryFactoryBeanSupport.java:286)
	at org.springframework.data.util.Lazy.getNullable(Lazy.java:135)
	at org.springframework.data.util.Lazy.get(Lazy.java:113)
	at org.springframework.data.repository.core.support.RepositoryFactoryBeanSupport.afterPropertiesSet(RepositoryFactoryBeanSupport.java:292)
	at org.springframework.data.jpa.repository.support.JpaRepositoryFactoryBean.afterPropertiesSet(JpaRepositoryFactoryBean.java:132)
	at org.springframework.beans.factory.support.AbstractAutowireCapableBeanFactory.invokeInitMethods(AbstractAutowireCapableBeanFactory.java:1835)
	at org.springframework.beans.factory.support.AbstractAutowireCapableBeanFactory.initializeBean(AbstractAutowireCapableBeanFactory.java:1784)
	... 49 common frames omitted
Caused by: java.lang.IllegalArgumentException: Failed to create query for method public abstract java.util.List com.app.spendWise.repository.MilestoneRepository.findByUser_id(java.lang.String); No property 'id' found for type 'User'; Traversed path: Milestone.user
	at org.springframework.data.jpa.repository.query.PartTreeJpaQuery.<init>(PartTreeJpaQuery.java:106)
	at org.springframework.data.jpa.repository.query.JpaQueryLookupStrategy$CreateQueryLookupStrategy.resolveQuery(JpaQueryLookupStrategy.java:124)
	at org.springframework.data.jpa.repository.query.JpaQueryLookupStrategy$CreateIfNotFoundQueryLookupStrategy.resolveQuery(JpaQueryLookupStrategy.java:258)
	at org.springframework.data.jpa.repository.query.JpaQueryLookupStrategy$AbstractQueryLookupStrategy.resolveQuery(JpaQueryLookupStrategy.java:95)
	at org.springframework.data.repository.core.support.QueryExecutorMethodInterceptor.lookupQuery(QueryExecutorMethodInterceptor.java:111)
	... 61 common frames omitted
Caused by: org.springframework.data.mapping.PropertyReferenceException: No property 'id' found for type 'User'; Traversed path: Milestone.user
	at org.springframework.data.mapping.PropertyPath.<init>(PropertyPath.java:94)
	at org.springframework.data.mapping.PropertyPath.create(PropertyPath.java:455)
	at org.springframework.data.mapping.PropertyPath.create(PropertyPath.java:431)
	at org.springframework.data.mapping.PropertyPath.create(PropertyPath.java:415)
	at org.springframework.data.mapping.PropertyPath.lambda$from$0(PropertyPath.java:387)
	at java.base/java.util.concurrent.ConcurrentMap.computeIfAbsent(ConcurrentMap.java:330)
	at org.springframework.data.mapping.PropertyPath.from(PropertyPath.java:366)
	at org.springframework.data.mapping.PropertyPath.from(PropertyPath.java:344)
	at org.springframework.data.repository.query.parser.Part.<init>(Part.java:81)
	at org.springframework.data.repository.query.parser.PartTree$OrPart.lambda$new$0(PartTree.java:259)
	at java.base/java.util.stream.ReferencePipeline$3$1.accept(ReferencePipeline.java:197)
	at java.base/java.util.stream.ReferencePipeline$2$1.accept(ReferencePipeline.java:179)
	at java.base/java.util.Spliterators$ArraySpliterator.forEachRemaining(Spliterators.java:992)
	at java.base/java.util.stream.AbstractPipeline.copyInto(AbstractPipeline.java:509)
	at java.base/java.util.stream.AbstractPipeline.wrapAndCopyInto(AbstractPipeline.java:499)
	at java.base/java.util.stream.ReduceOps$ReduceOp.evaluateSequential(ReduceOps.java:921)
	at java.base/java.util.stream.AbstractPipeline.evaluate(AbstractPipeline.java:234)
	at java.base/java.util.stream.ReferencePipeline.collect(ReferencePipeline.java:682)
	at org.springframework.data.repository.query.parser.PartTree$OrPart.<init>(PartTree.java:260)
	at org.springframework.data.repository.query.parser.PartTree$Predicate.lambda$new$0(PartTree.java:389)
	at java.base/java.util.stream.ReferencePipeline$3$1.accept(ReferencePipeline.java:197)
	at java.base/java.util.stream.ReferencePipeline$2$1.accept(ReferencePipeline.java:179)
	at java.base/java.util.Spliterators$ArraySpliterator.forEachRemaining(Spliterators.java:992)
	at java.base/java.util.stream.AbstractPipeline.copyInto(AbstractPipeline.java:509)
	at java.base/java.util.stream.AbstractPipeline.wrapAndCopyInto(AbstractPipeline.java:499)
	at java.base/java.util.stream.ReduceOps$ReduceOp.evaluateSequential(ReduceOps.java:921)
	at java.base/java.util.stream.AbstractPipeline.evaluate(AbstractPipeline.java:234)
	at java.base/java.util.stream.ReferencePipeline.collect(ReferencePipeline.java:682)
	at org.springframework.data.repository.query.parser.PartTree$Predicate.<init>(PartTree.java:390)
	at org.springframework.data.repository.query.parser.PartTree.<init>(PartTree.java:103)
	at org.springframework.data.jpa.repository.query.PartTreeJpaQuery.<init>(PartTreeJpaQuery.java:100)
	... 65 common frames omitted
2024-12-15 15:12:49 - Starting SpendWiseApplication using Java 17.0.11 with PID 24928 (C:\Users\ASUS\IdeaProjects\spendwise\target\classes started by ASUS in C:\Users\ASUS\IdeaProjects\spendwise)
2024-12-15 15:12:49 - Running with Spring Boot v3.3.0, Spring v6.1.8
2024-12-15 15:12:49 - No active profile set, falling back to 1 default profile: "default"
2024-12-15 15:12:49 - Devtools property defaults active! Set 'spring.devtools.add-properties' to 'false' to disable
2024-12-15 15:12:49 - For additional web related logging consider setting the 'logging.level.web' property to 'DEBUG'
2024-12-15 15:12:51 - Bootstrapping Spring Data JPA repositories in DEFAULT mode.
2024-12-15 15:12:51 - Finished Spring Data repository scanning in 112 ms. Found 8 JPA repository interfaces.
2024-12-15 15:12:51 - Tomcat initialized with port 8080 (http)
2024-12-15 15:12:51 - Initializing ProtocolHandler ["http-nio-8080"]
2024-12-15 15:12:51 - Starting service [Tomcat]
2024-12-15 15:12:51 - Starting Servlet engine: [Apache Tomcat/10.1.24]
2024-12-15 15:12:52 - Initializing Spring embedded WebApplicationContext
2024-12-15 15:12:52 - Root WebApplicationContext: initialization completed in 2087 ms
2024-12-15 15:12:52 - HHH000204: Processing PersistenceUnitInfo [name: default]
2024-12-15 15:12:52 - HHH000412: Hibernate ORM core version 6.5.2.Final
2024-12-15 15:12:52 - HHH000026: Second-level cache disabled
2024-12-15 15:12:52 - No LoadTimeWeaver setup: ignoring JPA class transformer
2024-12-15 15:12:52 - HikariPool-1 - Starting...
2024-12-15 15:12:52 - HikariPool-1 - Added connection org.postgresql.jdbc.PgConnection@30a4d676
2024-12-15 15:12:52 - HikariPool-1 - Start completed.
2024-12-15 15:12:52 - HHH90000025: PostgreSQLDialect does not need to be specified explicitly using 'hibernate.dialect' (remove the property setting and it will be selected by default)
2024-12-15 15:12:53 - HHH000489: No JTA platform available (set 'hibernate.transaction.jta.platform' to enable JTA platform integration)
2024-12-15 15:12:54 - Initialized JPA EntityManagerFactory for persistence unit 'default'
2024-12-15 15:12:54 - Hibernate is in classpath; If applicable, HQL parser will be used.
2024-12-15 15:12:55 - spring.jpa.open-in-view is enabled by default. Therefore, database queries may be performed during view rendering. Explicitly configure spring.jpa.open-in-view to disable this warning
2024-12-15 15:12:55 - Will secure any request with [org.springframework.security.web.session.DisableEncodeUrlFilter@490a9c4d, org.springframework.security.web.context.request.async.WebAsyncManagerIntegrationFilter@e294d9c, org.springframework.security.web.context.SecurityContextHolderFilter@3449b7f, org.springframework.security.web.header.HeaderWriterFilter@4c21c544, org.springframework.web.filter.CorsFilter@2367d91f, org.springframework.security.web.csrf.CsrfFilter@132f6f22, org.springframework.security.web.authentication.logout.LogoutFilter@f5c5b06, org.springframework.security.oauth2.server.resource.web.authentication.BearerTokenAuthenticationFilter@1a56e6a0, org.springframework.security.web.savedrequest.RequestCacheAwareFilter@47a9b2bc, org.springframework.security.web.servletapi.SecurityContextHolderAwareRequestFilter@42ae1c61, org.springframework.security.web.authentication.AnonymousAuthenticationFilter@544e8f2a, org.springframework.security.web.access.ExceptionTranslationFilter@1dd3df65, org.springframework.security.web.access.intercept.AuthorizationFilter@7aca883b]
2024-12-15 15:12:55 - LiveReload server is running on port 35729
2024-12-15 15:12:55 - Starting ProtocolHandler ["http-nio-8080"]
2024-12-15 15:12:55 - Tomcat started on port 8080 (http) with context path '/'
2024-12-15 15:12:55 - Started SpendWiseApplication in 8.137 seconds (process running for 9.084)
2024-12-15 15:13:13 - Initializing Spring DispatcherServlet 'dispatcherServlet'
2024-12-15 15:13:13 - Initializing Servlet 'dispatcherServlet'
2024-12-15 15:13:13 - Completed initialization in 2 ms
2024-12-15 17:24:26 - HikariPool-1 - Thread starvation or clock leap detected (housekeeper delta=49m31s286ms110µs200ns).
2024-12-15 18:41:27 - HikariPool-1 - Thread starvation or clock leap detected (housekeeper delta=9m30s252ms112µs800ns).
2024-12-15 19:04:19 - HikariPool-1 - Thread starvation or clock leap detected (housekeeper delta=12m51s589ms808µs400ns).
2024-12-15 19:10:09 - Resolved [com.app.spendWise.exception.NotFoundException: User already exist]
2024-12-15 19:52:28 - Closing JPA EntityManagerFactory for persistence unit 'default'
2024-12-15 19:52:28 - HikariPool-1 - Shutdown initiated...
2024-12-15 19:52:28 - HikariPool-1 - Shutdown completed.
